\BOOKMARK [1][-]{section.1}{Introduction}{}% 1
\BOOKMARK [2][-]{subsection.1.1}{The Model}{section.1}% 2
\BOOKMARK [2][-]{subsection.1.2}{Our Results}{section.1}% 3
\BOOKMARK [2][-]{subsection.1.3}{Locally Consistent Security to Malicious Security}{section.1}% 4
\BOOKMARK [2][-]{subsection.1.4}{Additional Related Work}{section.1}% 5
\BOOKMARK [2][-]{subsection.1.5}{Open Questions}{section.1}% 6
\BOOKMARK [1][-]{section.2}{Our Techniques}{}% 7
\BOOKMARK [2][-]{subsection.2.1}{First-Round Halting}{section.2}% 8
\BOOKMARK [2][-]{subsection.2.2}{Second-Round Halting \205 Arbitrary Protocols}{section.2}% 9
\BOOKMARK [2][-]{subsection.2.3}{Second-Round Halting \205 Public-Randomness Protocols}{section.2}% 10
\BOOKMARK [1][-]{section.3}{Our Lower Bounds}{}% 11
\BOOKMARK [2][-]{subsection.3.1}{The Model}{section.3}% 12
\BOOKMARK [2][-]{subsection.3.2}{The Bounds}{section.3}% 13
\BOOKMARK [2][-]{subsection.3.3}{The Combinatorial Conjecture}{section.3}% 14
\BOOKMARK [1][-]{section.4}{Lower Bounds on First-Round Halting}{}% 15
\BOOKMARK [2][-]{subsection.4.1}{Proving Lemma 4.2}{section.4}% 16
\BOOKMARK [1][-]{section.5}{Lower Bounds on Second-Round Halting}{}% 17
\BOOKMARK [2][-]{subsection.5.1}{Arbitrary Protocols}{section.5}% 18
\BOOKMARK [2][-]{subsection.5.2}{Public-Randomness Protocols}{section.5}% 19
\BOOKMARK [1][-]{appendix.A}{Locally Consistent Security to Malicious Security}{}% 20
